<?xml version="1.0" encoding="UTF-8"?>
<testsuite xmlns:xsi="http://www.w3.org/2001/XMLSchema-instance" xsi:noNamespaceSchemaLocation="https://maven.apache.org/surefire/maven-surefire-plugin/xsd/surefire-test-report-3.0.xsd" version="3.0" name="TestSuite" time="79.601" tests="14" errors="0" skipped="0" failures="0">
  <properties>
    <property name="java.specification.version" value="17"/>
    <property name="webdriver.chrome.driver" value="C:\Users\sangeetha\.cache\selenium\chromedriver\win32\111.0.5563.64\chromedriver.exe"/>
    <property name="sun.cpu.isalist" value="amd64"/>
    <property name="sun.jnu.encoding" value="Cp1252"/>
    <property name="java.class.path" value="C:\Users\sangeetha\.p2\pool\plugins\org.eclipse.m2e.maven.runtime_1.18.1.20211011-2139\jars\plexus-classworlds-2.6.0.jar"/>
    <property name="java.vm.vendor" value="Oracle Corporation"/>
    <property name="sun.arch.data.model" value="64"/>
    <property name="user.variant" value=""/>
    <property name="java.vendor.url" value="https://java.oracle.com/"/>
    <property name="user.timezone" value="Asia/Riyadh"/>
    <property name="java.vm.specification.version" value="17"/>
    <property name="os.name" value="Windows 10"/>
    <property name="sun.java.launcher" value="SUN_STANDARD"/>
    <property name="user.country" value="CA"/>
    <property name="sun.boot.library.path" value="C:\Program Files\Java\jdk-17.0.2\bin"/>
    <property name="sun.java.command" value="org.codehaus.plexus.classworlds.launcher.Launcher -B install"/>
    <property name="jdk.debug" value="release"/>
    <property name="maven.home" value="C:\Users\sangeetha\java-2021-12\eclipse\Workspace\mainproject-updated\EMBEDDED"/>
    <property name="surefire.test.class.path" value="C:\Users\sangeetha\java-2021-12\eclipse\Workspace\mainproject-updated\target\test-classes;C:\Users\sangeetha\java-2021-12\eclipse\Workspace\mainproject-updated\target\classes;C:\Users\sangeetha\.m2\repository\org\seleniumhq\selenium\selenium-java\3.141.59\selenium-java-3.141.59.jar;C:\Users\sangeetha\.m2\repository\org\seleniumhq\selenium\selenium-api\3.141.59\selenium-api-3.141.59.jar;C:\Users\sangeetha\.m2\repository\org\seleniumhq\selenium\selenium-chrome-driver\3.141.59\selenium-chrome-driver-3.141.59.jar;C:\Users\sangeetha\.m2\repository\org\seleniumhq\selenium\selenium-edge-driver\3.141.59\selenium-edge-driver-3.141.59.jar;C:\Users\sangeetha\.m2\repository\org\seleniumhq\selenium\selenium-firefox-driver\3.141.59\selenium-firefox-driver-3.141.59.jar;C:\Users\sangeetha\.m2\repository\org\seleniumhq\selenium\selenium-ie-driver\3.141.59\selenium-ie-driver-3.141.59.jar;C:\Users\sangeetha\.m2\repository\org\seleniumhq\selenium\selenium-opera-driver\3.141.59\selenium-opera-driver-3.141.59.jar;C:\Users\sangeetha\.m2\repository\org\seleniumhq\selenium\selenium-remote-driver\3.141.59\selenium-remote-driver-3.141.59.jar;C:\Users\sangeetha\.m2\repository\org\seleniumhq\selenium\selenium-safari-driver\3.141.59\selenium-safari-driver-3.141.59.jar;C:\Users\sangeetha\.m2\repository\org\seleniumhq\selenium\selenium-support\3.141.59\selenium-support-3.141.59.jar;C:\Users\sangeetha\.m2\repository\net\bytebuddy\byte-buddy\1.8.15\byte-buddy-1.8.15.jar;C:\Users\sangeetha\.m2\repository\org\apache\commons\commons-exec\1.3\commons-exec-1.3.jar;C:\Users\sangeetha\.m2\repository\com\google\guava\guava\25.0-jre\guava-25.0-jre.jar;C:\Users\sangeetha\.m2\repository\com\google\code\findbugs\jsr305\1.3.9\jsr305-1.3.9.jar;C:\Users\sangeetha\.m2\repository\org\checkerframework\checker-compat-qual\2.0.0\checker-compat-qual-2.0.0.jar;C:\Users\sangeetha\.m2\repository\com\google\errorprone\error_prone_annotations\2.1.3\error_prone_annotations-2.1.3.jar;C:\Users\sangeetha\.m2\repository\com\google\j2objc\j2objc-annotations\1.1\j2objc-annotations-1.1.jar;C:\Users\sangeetha\.m2\repository\org\codehaus\mojo\animal-sniffer-annotations\1.14\animal-sniffer-annotations-1.14.jar;C:\Users\sangeetha\.m2\repository\com\squareup\okhttp3\okhttp\3.11.0\okhttp-3.11.0.jar;C:\Users\sangeetha\.m2\repository\com\squareup\okio\okio\1.14.0\okio-1.14.0.jar;C:\Users\sangeetha\.m2\repository\org\testng\testng\7.4.0\testng-7.4.0.jar;C:\Users\sangeetha\.m2\repository\com\beust\jcommander\1.78\jcommander-1.78.jar;C:\Users\sangeetha\.m2\repository\org\webjars\jquery\3.5.1\jquery-3.5.1.jar;C:\Users\sangeetha\.m2\repository\com\assertthat\selenium-shutterbug\1.6\selenium-shutterbug-1.6.jar;C:\Users\sangeetha\.m2\repository\com\github\zafarkhaja\java-semver\0.9.0\java-semver-0.9.0.jar;C:\Users\sangeetha\.m2\repository\org\apache\poi\poi\3.17\poi-3.17.jar;C:\Users\sangeetha\.m2\repository\commons-codec\commons-codec\1.10\commons-codec-1.10.jar;C:\Users\sangeetha\.m2\repository\org\apache\commons\commons-collections4\4.1\commons-collections4-4.1.jar;C:\Users\sangeetha\.m2\repository\org\apache\poi\poi-ooxml\3.17\poi-ooxml-3.17.jar;C:\Users\sangeetha\.m2\repository\org\apache\poi\poi-ooxml-schemas\3.17\poi-ooxml-schemas-3.17.jar;C:\Users\sangeetha\.m2\repository\org\apache\xmlbeans\xmlbeans\2.6.0\xmlbeans-2.6.0.jar;C:\Users\sangeetha\.m2\repository\stax\stax-api\1.0.1\stax-api-1.0.1.jar;C:\Users\sangeetha\.m2\repository\com\github\virtuald\curvesapi\1.04\curvesapi-1.04.jar;C:\Users\sangeetha\.m2\repository\commons-io\commons-io\2.4\commons-io-2.4.jar;C:\Users\sangeetha\.m2\repository\net\sourceforge\jexcelapi\jxl\2.6.12\jxl-2.6.12.jar;C:\Users\sangeetha\.m2\repository\log4j\log4j\1.2.14\log4j-1.2.14.jar;C:\Users\sangeetha\.m2\repository\io\github\bonigarcia\webdrivermanager\4.4.1\webdrivermanager-4.4.1.jar;C:\Users\sangeetha\.m2\repository\org\slf4j\slf4j-api\1.7.30\slf4j-api-1.7.30.jar;C:\Users\sangeetha\.m2\repository\com\google\code\gson\gson\2.8.6\gson-2.8.6.jar;C:\Users\sangeetha\.m2\repository\org\apache\commons\commons-lang3\3.12.0\commons-lang3-3.12.0.jar;C:\Users\sangeetha\.m2\repository\org\apache\httpcomponents\client5\httpclient5\5.0.3\httpclient5-5.0.3.jar;C:\Users\sangeetha\.m2\repository\org\apache\httpcomponents\core5\httpcore5\5.0.2\httpcore5-5.0.2.jar;C:\Users\sangeetha\.m2\repository\org\apache\httpcomponents\core5\httpcore5-h2\5.0.2\httpcore5-h2-5.0.2.jar;C:\Users\sangeetha\.m2\repository\org\rauschig\jarchivelib\1.1.0\jarchivelib-1.1.0.jar;C:\Users\sangeetha\.m2\repository\org\apache\commons\commons-compress\1.20\commons-compress-1.20.jar;C:\Users\sangeetha\.m2\repository\org\jsoup\jsoup\1.13.1\jsoup-1.13.1.jar;"/>
    <property name="sun.cpu.endian" value="little"/>
    <property name="user.home" value="C:\Users\sangeetha"/>
    <property name="user.language" value="en"/>
    <property name="java.specification.vendor" value="Oracle Corporation"/>
    <property name="java.version.date" value="2022-01-18"/>
    <property name="java.home" value="C:\Program Files\Java\jdk-17.0.2"/>
    <property name="file.separator" value="\"/>
    <property name="basedir" value="C:\Users\sangeetha\java-2021-12\eclipse\Workspace\mainproject-updated"/>
    <property name="java.vm.compressedOopsMode" value="32-bit"/>
    <property name="line.separator" value="&#10;"/>
    <property name="java.vm.specification.vendor" value="Oracle Corporation"/>
    <property name="java.specification.name" value="Java Platform API Specification"/>
    <property name="user.script" value=""/>
    <property name="sun.management.compiler" value="HotSpot 64-Bit Tiered Compilers"/>
    <property name="java.runtime.version" value="17.0.2+8-LTS-86"/>
    <property name="webdriver.edge.driver" value="C:\Users\sangeetha\java-2021-12\eclipse\Workspace\mainproject-updated\src\main\resources\Drivers\msedgedriverlatest.exe"/>
    <property name="user.name" value="sangeetha"/>
    <property name="path.separator" value=";"/>
    <property name="os.version" value="10.0"/>
    <property name="java.runtime.name" value="Java(TM) SE Runtime Environment"/>
    <property name="file.encoding" value="UTF-8"/>
    <property name="guice.disable.misplaced.annotation.check" value="true"/>
    <property name="java.vm.name" value="Java HotSpot(TM) 64-Bit Server VM"/>
    <property name="localRepository" value="C:\Users\sangeetha\.m2\repository"/>
    <property name="java.vendor.url.bug" value="https://bugreport.java.com/bugreport/"/>
    <property name="java.io.tmpdir" value="C:\Users\SANGEE~1\AppData\Local\Temp\"/>
    <property name="java.version" value="17.0.2"/>
    <property name="user.dir" value="C:\Users\sangeetha\java-2021-12\eclipse\Workspace\mainproject-updated"/>
    <property name="os.arch" value="amd64"/>
    <property name="maven.multiModuleProjectDirectory" value="C:\Users\sangeetha\java-2021-12\eclipse\Workspace\mainproject-updated"/>
    <property name="java.vm.specification.name" value="Java Virtual Machine Specification"/>
    <property name="sun.os.patch.level" value=""/>
    <property name="native.encoding" value="Cp1252"/>
    <property name="java.library.path" value="C:\Program Files\Java\jdk-17.0.2\bin;C:\WINDOWS\Sun\Java\bin;C:\WINDOWS\system32;C:\WINDOWS;C:\Program Files\Common Files\Oracle\Java\javapath;C:\WINDOWS\system32;C:\WINDOWS;C:\WINDOWS\System32\Wbem;C:\WINDOWS\System32\WindowsPowerShell\v1.0\;C:\WINDOWS\System32\OpenSSH\;C:\Program Files\Java\jdk-17.0.2\bin;C:\Program Files\nodejs\;C:\Program Files\apache-maven-3.8.4-bin\apache-maven-3.8.4\bin;C:\Users\sangeetha\AppData\Local\Microsoft\WindowsApps;C:\Users\sangeetha\AppData\Local\GitHubDesktop\bin;C:\Users\sangeetha\AppData\Roaming\npm;C:\Program Files\Java\jdk-17.0.2\bin;;."/>
    <property name="java.vm.info" value="mixed mode, sharing"/>
    <property name="java.vendor" value="Oracle Corporation"/>
    <property name="java.vm.version" value="17.0.2+8-LTS-86"/>
    <property name="classworlds.conf" value="C:\Users\sangeetha\java-2021-12\eclipse\Workspace\.metadata\.plugins\org.eclipse.m2e.launching\launches\m2conf14117145320921616367.tmp"/>
    <property name="sun.io.unicode.encoding" value="UnicodeLittle"/>
    <property name="java.class.version" value="61.0"/>
  </properties>
  <testcase name="loginChrome[tutorial, tutorial12](1)" classname="com.mainprojectupdated.Scripts.LoginTestDPUsingApachePOIChrome" time="4.391">
    <system-out><![CDATA[[INFO] Running TestSuite
FirstRowNum= 0
LastRowNum= 6
FirstRowNum= 0
LastRowNum= 6
tutorial
tutorial12
tutorial
tutorial12
]]></system-out>
    <system-err><![CDATA[SLF4J: Failed to load class "org.slf4j.impl.StaticLoggerBinder".
SLF4J: Defaulting to no-operation (NOP) logger implementation
SLF4J: See http://www.slf4j.org/codes.html#StaticLoggerBinder for further details.
Starting Microsoft Edge WebDriver 111.0.1661.44 (fc2a57ec5a410298200db8ad3013657d5472c408) on port 15034
To submit feedback, report a bug, or suggest new features, please visit https://github.com/MicrosoftEdge/EdgeWebDriver

Only local connections are allowed.
Please see https://aka.ms/WebDriverSecurity for suggestions on keeping Microsoft Edge WebDriver safe.

Starting ChromeDriver 111.0.5563.64 (c710e93d5b63b7095afe8c2c17df34408078439d-refs/branch-heads/5563@{#995}) on port 8073
Only local connections are allowed.
Please see https://chromedriver.chromium.org/security-considerations for suggestions on keeping ChromeDriver safe.
ChromeDriver was started successfully.
Mar. 28, 2023 8:10:52 A.M. org.openqa.selenium.remote.ProtocolHandshake createSession
INFO: Detected dialect: W3C
Microsoft Edge WebDriver was started successfully.
Mar. 28, 2023 8:10:54 A.M. org.openqa.selenium.remote.ProtocolHandshake createSession
INFO: Detected dialect: W3C
]]></system-err>
  </testcase>
  <testcase name="loginChrome[sav@123, sav@123](2)" classname="com.mainprojectupdated.Scripts.LoginTestDPUsingApachePOIChrome" time="4.936"/>
  <testcase name="loginChrome[user, user1234](3)" classname="com.mainprojectupdated.Scripts.LoginTestDPUsingApachePOIChrome" time="2.77">
    <system-out><![CDATA[user
user1234
user
user1234
]]></system-out>
  </testcase>
  <testcase name="loginChrome[tut, tut](4)" classname="com.mainprojectupdated.Scripts.LoginTestDPUsingApachePOIChrome" time="3.413">
    <system-out><![CDATA[tut
tut
tut
tut
]]></system-out>
  </testcase>
  <testcase name="loginChrome[tut@123, tut@123](5)" classname="com.mainprojectupdated.Scripts.LoginTestDPUsingApachePOIChrome" time="5.897"/>
  <testcase name="loginChrome[sav, sav](6)" classname="com.mainprojectupdated.Scripts.LoginTestDPUsingApachePOIChrome" time="3.542"/>
  <testcase name="loginChrome[tutorial, tutorial](7)" classname="com.mainprojectupdated.Scripts.LoginTestDPUsingApachePOIChrome" time="6.502"/>
  <testcase name="loginEdge[tutorial, tutorial12](1)" classname="com.mainprojectupdated.Scripts.LoginTestDPUsingApachePOIEdge" time="5.401"/>
  <testcase name="loginEdge[sav@123, sav@123](2)" classname="com.mainprojectupdated.Scripts.LoginTestDPUsingApachePOIEdge" time="4.927">
    <system-out><![CDATA[sav@123
sav@123
sav@123
sav@123
]]></system-out>
  </testcase>
  <testcase name="loginEdge[user, user1234](3)" classname="com.mainprojectupdated.Scripts.LoginTestDPUsingApachePOIEdge" time="3.162"/>
  <testcase name="loginEdge[tut, tut](4)" classname="com.mainprojectupdated.Scripts.LoginTestDPUsingApachePOIEdge" time="3.487"/>
  <testcase name="loginEdge[tut@123, tut@123](5)" classname="com.mainprojectupdated.Scripts.LoginTestDPUsingApachePOIEdge" time="3.501">
    <system-out><![CDATA[tut@123
tut@123
tut@123
tut@123
]]></system-out>
  </testcase>
  <testcase name="loginEdge[sav, sav](6)" classname="com.mainprojectupdated.Scripts.LoginTestDPUsingApachePOIEdge" time="1.996">
    <system-out><![CDATA[sav
sav
sav
sav
]]></system-out>
  </testcase>
  <testcase name="loginEdge[tutorial, tutorial](7)" classname="com.mainprojectupdated.Scripts.LoginTestDPUsingApachePOIEdge" time="4.089">
    <system-out><![CDATA[tutorial
tutorial
tutorial
tutorial
]]></system-out>
  </testcase>
</testsuite>