<?xml version="1.0" encoding="UTF-8"?>
<!-- Generated by org.testng.reporters.JUnitReportReporter -->
<testsuite hostname="SANGEETHA-PC" failures="0" tests="7" name="com.mainprojectupdated.Scripts.LoginTestDPUsingApachePOIEdge" time="72.136" errors="0" timestamp="2023-03-28T08:12:09 AST" skipped="0">
  <testcase classname="com.mainprojectupdated.Scripts.LoginTestDPUsingApachePOIEdge" name="loginEdge" time="10.487"/>
  <system-out/>
  <testcase classname="com.mainprojectupdated.Scripts.LoginTestDPUsingApachePOIEdge" name="loginEdge" time="12.433"/>
  <system-out/>
  <testcase classname="com.mainprojectupdated.Scripts.LoginTestDPUsingApachePOIEdge" name="loginEdge" time="10.794"/>
  <system-out/>
  <testcase classname="com.mainprojectupdated.Scripts.LoginTestDPUsingApachePOIEdge" name="loginEdge" time="10.149"/>
  <system-out/>
  <testcase classname="com.mainprojectupdated.Scripts.LoginTestDPUsingApachePOIEdge" name="loginEdge" time="10.130"/>
  <system-out/>
  <testcase classname="com.mainprojectupdated.Scripts.LoginTestDPUsingApachePOIEdge" name="loginEdge" time="9.138"/>
  <system-out/>
  <testcase classname="com.mainprojectupdated.Scripts.LoginTestDPUsingApachePOIEdge" name="loginEdge" time="9.005"/>
  <system-out/>
</testsuite> <!-- com.mainprojectupdated.Scripts.LoginTestDPUsingApachePOIEdge -->
