<?xml version="1.0" encoding="UTF-8"?>
<!-- Generated by org.testng.reporters.JUnitReportReporter -->
<testsuite hostname="SANGEETHA-PC" failures="0" tests="7" name="com.mainprojectupdated.Scripts.LoginTestDPUsingApachePOIChrome" time="75.182" errors="0" timestamp="2023-03-28T08:12:09 AST" skipped="0">
  <testcase classname="com.mainprojectupdated.Scripts.LoginTestDPUsingApachePOIChrome" name="loginChrome" time="14.308"/>
  <system-out/>
  <testcase classname="com.mainprojectupdated.Scripts.LoginTestDPUsingApachePOIChrome" name="loginChrome" time="9.721"/>
  <system-out/>
  <testcase classname="com.mainprojectupdated.Scripts.LoginTestDPUsingApachePOIChrome" name="loginChrome" time="11.324"/>
  <system-out/>
  <testcase classname="com.mainprojectupdated.Scripts.LoginTestDPUsingApachePOIChrome" name="loginChrome" time="10.769"/>
  <system-out/>
  <testcase classname="com.mainprojectupdated.Scripts.LoginTestDPUsingApachePOIChrome" name="loginChrome" time="8.690"/>
  <system-out/>
  <testcase classname="com.mainprojectupdated.Scripts.LoginTestDPUsingApachePOIChrome" name="loginChrome" time="8.140"/>
  <system-out/>
  <testcase classname="com.mainprojectupdated.Scripts.LoginTestDPUsingApachePOIChrome" name="loginChrome" time="12.230"/>
  <system-out/>
</testsuite> <!-- com.mainprojectupdated.Scripts.LoginTestDPUsingApachePOIChrome -->
